<?xml version="1.0" encoding="UTF-8"?>
<coverage generated="1606351457204" clover="3.2.0">
  <project timestamp="1606351457204" name="All files">
    <metrics statements="28" coveredstatements="28" conditionals="10" coveredconditionals="10" methods="4" coveredmethods="4" elements="42" coveredelements="42" complexity="0" loc="28" ncloc="28" packages="1" files="2" classes="2"/>
    <file name="axios_fetch.js" path="/home/klee214/osd600/findBreakURL/axios_fetch.js">
      <metrics statements="5" coveredstatements="5" conditionals="0" coveredconditionals="0" methods="1" coveredmethods="1"/>
      <line num="1" count="1" type="stmt"/>
      <line num="3" count="1" type="stmt"/>
      <line num="4" count="5" type="stmt"/>
      <line num="5" count="1" type="stmt"/>
      <line num="8" count="1" type="stmt"/>
    </file>
    <file name="fileRead.js" path="/home/klee214/osd600/findBreakURL/fileRead.js">
      <metrics statements="23" coveredstatements="23" conditionals="10" coveredconditionals="10" methods="3" coveredmethods="3"/>
      <line num="1" count="1" type="stmt"/>
      <line num="2" count="1" type="stmt"/>
      <line num="4" count="1" type="stmt"/>
      <line num="5" count="5" type="stmt"/>
      <line num="7" count="5" type="stmt"/>
      <line num="8" count="5" type="stmt"/>
      <line num="13" count="4" type="stmt"/>
      <line num="15" count="5" type="stmt"/>
      <line num="18" count="1" type="stmt"/>
      <line num="19" count="7" type="stmt"/>
      <line num="20" count="7" type="cond" truecount="4" falsecount="0"/>
      <line num="22" count="5" type="cond" truecount="2" falsecount="0"/>
      <line num="23" count="1" type="stmt"/>
      <line num="28" count="1" type="stmt"/>
      <line num="29" count="1" type="stmt"/>
      <line num="31" count="4" type="cond" truecount="2" falsecount="0"/>
      <line num="32" count="2" type="stmt"/>
      <line num="33" count="2" type="cond" truecount="2" falsecount="0"/>
      <line num="34" count="1" type="stmt"/>
      <line num="40" count="1" type="stmt"/>
      <line num="47" count="2" type="stmt"/>
      <line num="49" count="7" type="stmt"/>
      <line num="52" count="1" type="stmt"/>
    </file>
  </project>
</coverage>
