{"/home/klee214/osd600/findBreakURL/axios_fetch.js": {"path":"/home/klee214/osd600/findBreakURL/axios_fetch.js","statementMap":{"0":{"start":{"line":1,"column":14},"end":{"line":1,"column":30}},"1":{"start":{"line":3,"column":19},"end":{"line":6,"column":1}},"2":{"start":{"line":4,"column":21},"end":{"line":4,"column":41}},"3":{"start":{"line":5,"column":4},"end":{"line":5,"column":27}},"4":{"start":{"line":8,"column":0},"end":{"line":8,"column":32}}},"fnMap":{"0":{"name":"(anonymous_0)","decl":{"start":{"line":3,"column":19},"end":{"line":3,"column":20}},"loc":{"start":{"line":3,"column":34},"end":{"line":6,"column":1}},"line":3}},"branchMap":{},"s":{"0":1,"1":1,"2":5,"3":1,"4":1},"f":{"0":5},"b":{},"_coverageSchema":"1a1c01bbd47fc00a2c39e90264f33305004495a9","hash":"cbcebac85be10a45266380f593458f120fb62517"}
,"/home/klee214/osd600/findBreakURL/fileRead.js": {"path":"/home/klee214/osd600/findBreakURL/fileRead.js","statementMap":{"0":{"start":{"line":1,"column":11},"end":{"line":1,"column":24}},"1":{"start":{"line":2,"column":14},"end":{"line":2,"column":30}},"2":{"start":{"line":4,"column":17},"end":{"line":16,"column":1}},"3":{"start":{"line":5,"column":19},"end":{"line":5,"column":23}},"4":{"start":{"line":7,"column":4},"end":{"line":14,"column":5}},"5":{"start":{"line":8,"column":8},"end":{"line":10,"column":11}},"6":{"start":{"line":13,"column":8},"end":{"line":13,"column":52}},"7":{"start":{"line":15,"column":4},"end":{"line":15,"column":20}},"8":{"start":{"line":18,"column":22},"end":{"line":50,"column":1}},"9":{"start":{"line":19,"column":16},"end":{"line":19,"column":18}},"10":{"start":{"line":20,"column":4},"end":{"line":48,"column":5}},"11":{"start":{"line":22,"column":8},"end":{"line":45,"column":9}},"12":{"start":{"line":23,"column":29},"end":{"line":25,"column":14}},"13":{"start":{"line":28,"column":12},"end":{"line":30,"column":15}},"14":{"start":{"line":29,"column":16},"end":{"line":29,"column":60}},"15":{"start":{"line":31,"column":15},"end":{"line":45,"column":9}},"16":{"start":{"line":32,"column":12},"end":{"line":32,"column":43}},"17":{"start":{"line":33,"column":15},"end":{"line":45,"column":9}},"18":{"start":{"line":34,"column":12},"end":{"line":38,"column":14}},"19":{"start":{"line":40,"column":12},"end":{"line":44,"column":14}},"20":{"start":{"line":47,"column":8},"end":{"line":47,"column":65}},"21":{"start":{"line":49,"column":4},"end":{"line":49,"column":17}},"22":{"start":{"line":52,"column":0},"end":{"line":52,"column":45}}},"fnMap":{"0":{"name":"(anonymous_0)","decl":{"start":{"line":4,"column":17},"end":{"line":4,"column":18}},"loc":{"start":{"line":4,"column":27},"end":{"line":16,"column":1}},"line":4},"1":{"name":"(anonymous_1)","decl":{"start":{"line":18,"column":22},"end":{"line":18,"column":23}},"loc":{"start":{"line":18,"column":32},"end":{"line":50,"column":1}},"line":18},"2":{"name":"(anonymous_2)","decl":{"start":{"line":28,"column":36},"end":{"line":28,"column":37}},"loc":{"start":{"line":28,"column":46},"end":{"line":30,"column":13}},"line":28}},"branchMap":{"0":{"loc":{"start":{"line":20,"column":4},"end":{"line":48,"column":5}},"type":"if","locations":[{"start":{"line":20,"column":4},"end":{"line":48,"column":5}},{"start":{"line":20,"column":4},"end":{"line":48,"column":5}}],"line":20},"1":{"loc":{"start":{"line":20,"column":8},"end":{"line":20,"column":52}},"type":"binary-expr","locations":[{"start":{"line":20,"column":8},"end":{"line":20,"column":27}},{"start":{"line":20,"column":31},"end":{"line":20,"column":52}}],"line":20},"2":{"loc":{"start":{"line":22,"column":8},"end":{"line":45,"column":9}},"type":"if","locations":[{"start":{"line":22,"column":8},"end":{"line":45,"column":9}},{"start":{"line":22,"column":8},"end":{"line":45,"column":9}}],"line":22},"3":{"loc":{"start":{"line":31,"column":15},"end":{"line":45,"column":9}},"type":"if","locations":[{"start":{"line":31,"column":15},"end":{"line":45,"column":9}},{"start":{"line":31,"column":15},"end":{"line":45,"column":9}}],"line":31},"4":{"loc":{"start":{"line":33,"column":15},"end":{"line":45,"column":9}},"type":"if","locations":[{"start":{"line":33,"column":15},"end":{"line":45,"column":9}},{"start":{"line":33,"column":15},"end":{"line":45,"column":9}}],"line":33}},"s":{"0":1,"1":1,"2":1,"3":5,"4":5,"5":5,"6":4,"7":5,"8":1,"9":7,"10":7,"11":5,"12":1,"13":1,"14":1,"15":4,"16":2,"17":2,"18":1,"19":1,"20":2,"21":7,"22":1},"f":{"0":5,"1":7,"2":1},"b":{"0":[5,2],"1":[7,6],"2":[1,4],"3":[2,2],"4":[1,1]},"_coverageSchema":"1a1c01bbd47fc00a2c39e90264f33305004495a9","hash":"35a2070c37da5c3ecaeba13e65e3de340d3729be"}
}
