{"/home/klee214/osd600/findBreakURL/axios_fetch.js": {"path":"/home/klee214/osd600/findBreakURL/axios_fetch.js","statementMap":{"0":{"start":{"line":1,"column":14},"end":{"line":1,"column":30}},"1":{"start":{"line":3,"column":19},"end":{"line":6,"column":1}},"2":{"start":{"line":4,"column":21},"end":{"line":4,"column":41}},"3":{"start":{"line":5,"column":4},"end":{"line":5,"column":27}},"4":{"start":{"line":8,"column":0},"end":{"line":8,"column":32}}},"fnMap":{"0":{"name":"(anonymous_0)","decl":{"start":{"line":3,"column":19},"end":{"line":3,"column":20}},"loc":{"start":{"line":3,"column":34},"end":{"line":6,"column":1}},"line":3}},"branchMap":{},"s":{"0":1,"1":1,"2":5,"3":1,"4":1},"f":{"0":5},"b":{},"_coverageSchema":"1a1c01bbd47fc00a2c39e90264f33305004495a9","hash":"cbcebac85be10a45266380f593458f120fb62517"}
,"/home/klee214/osd600/findBreakURL/fileRead.js": {"path":"/home/klee214/osd600/findBreakURL/fileRead.js","statementMap":{"0":{"start":{"line":1,"column":11},"end":{"line":1,"column":24}},"1":{"start":{"line":2,"column":14},"end":{"line":2,"column":30}},"2":{"start":{"line":3,"column":13},"end":{"line":3,"column":28}},"3":{"start":{"line":5,"column":17},"end":{"line":17,"column":1}},"4":{"start":{"line":6,"column":19},"end":{"line":6,"column":23}},"5":{"start":{"line":8,"column":4},"end":{"line":15,"column":5}},"6":{"start":{"line":9,"column":8},"end":{"line":11,"column":11}},"7":{"start":{"line":14,"column":8},"end":{"line":14,"column":52}},"8":{"start":{"line":16,"column":4},"end":{"line":16,"column":20}},"9":{"start":{"line":19,"column":22},"end":{"line":51,"column":1}},"10":{"start":{"line":20,"column":16},"end":{"line":20,"column":18}},"11":{"start":{"line":21,"column":4},"end":{"line":49,"column":5}},"12":{"start":{"line":23,"column":8},"end":{"line":46,"column":9}},"13":{"start":{"line":24,"column":29},"end":{"line":26,"column":14}},"14":{"start":{"line":29,"column":12},"end":{"line":31,"column":15}},"15":{"start":{"line":30,"column":16},"end":{"line":30,"column":60}},"16":{"start":{"line":32,"column":15},"end":{"line":46,"column":9}},"17":{"start":{"line":33,"column":12},"end":{"line":33,"column":49}},"18":{"start":{"line":34,"column":15},"end":{"line":46,"column":9}},"19":{"start":{"line":35,"column":12},"end":{"line":39,"column":14}},"20":{"start":{"line":41,"column":12},"end":{"line":45,"column":14}},"21":{"start":{"line":48,"column":8},"end":{"line":48,"column":65}},"22":{"start":{"line":50,"column":4},"end":{"line":50,"column":17}},"23":{"start":{"line":53,"column":0},"end":{"line":53,"column":45}}},"fnMap":{"0":{"name":"(anonymous_0)","decl":{"start":{"line":5,"column":17},"end":{"line":5,"column":18}},"loc":{"start":{"line":5,"column":27},"end":{"line":17,"column":1}},"line":5},"1":{"name":"(anonymous_1)","decl":{"start":{"line":19,"column":22},"end":{"line":19,"column":23}},"loc":{"start":{"line":19,"column":33},"end":{"line":51,"column":1}},"line":19},"2":{"name":"(anonymous_2)","decl":{"start":{"line":29,"column":36},"end":{"line":29,"column":37}},"loc":{"start":{"line":29,"column":46},"end":{"line":31,"column":13}},"line":29}},"branchMap":{"0":{"loc":{"start":{"line":21,"column":4},"end":{"line":49,"column":5}},"type":"if","locations":[{"start":{"line":21,"column":4},"end":{"line":49,"column":5}},{"start":{"line":21,"column":4},"end":{"line":49,"column":5}}],"line":21},"1":{"loc":{"start":{"line":21,"column":8},"end":{"line":21,"column":64}},"type":"binary-expr","locations":[{"start":{"line":21,"column":8},"end":{"line":21,"column":33}},{"start":{"line":21,"column":37},"end":{"line":21,"column":64}}],"line":21},"2":{"loc":{"start":{"line":23,"column":8},"end":{"line":46,"column":9}},"type":"if","locations":[{"start":{"line":23,"column":8},"end":{"line":46,"column":9}},{"start":{"line":23,"column":8},"end":{"line":46,"column":9}}],"line":23},"3":{"loc":{"start":{"line":32,"column":15},"end":{"line":46,"column":9}},"type":"if","locations":[{"start":{"line":32,"column":15},"end":{"line":46,"column":9}},{"start":{"line":32,"column":15},"end":{"line":46,"column":9}}],"line":32},"4":{"loc":{"start":{"line":34,"column":15},"end":{"line":46,"column":9}},"type":"if","locations":[{"start":{"line":34,"column":15},"end":{"line":46,"column":9}},{"start":{"line":34,"column":15},"end":{"line":46,"column":9}}],"line":34}},"s":{"0":1,"1":1,"2":1,"3":1,"4":5,"5":5,"6":5,"7":4,"8":5,"9":1,"10":0,"11":0,"12":0,"13":0,"14":0,"15":0,"16":0,"17":0,"18":0,"19":0,"20":0,"21":0,"22":0,"23":1},"f":{"0":5,"1":0,"2":0},"b":{"0":[0,0],"1":[0,0],"2":[0,0],"3":[0,0],"4":[0,0]},"_coverageSchema":"1a1c01bbd47fc00a2c39e90264f33305004495a9","hash":"f6d947343af8da67ab4cff23b4917097edb3fecd"}
}
