TN:
SF:axios_fetch.js
FN:3,(anonymous_0)
FNF:1
FNH:1
FNDA:5,(anonymous_0)
DA:1,1
DA:3,1
DA:4,5
DA:5,1
DA:8,1
LF:5
LH:5
BRF:0
BRH:0
end_of_record
TN:
SF:fileRead.js
FN:4,(anonymous_0)
FN:18,(anonymous_1)
FN:28,(anonymous_2)
FNF:3
FNH:3
FNDA:5,(anonymous_0)
FNDA:6,(anonymous_1)
FNDA:1,(anonymous_2)
DA:1,1
DA:2,1
DA:4,1
DA:5,5
DA:7,5
DA:8,5
DA:13,4
DA:15,5
DA:18,1
DA:19,6
DA:20,6
DA:22,4
DA:23,1
DA:28,1
DA:29,1
DA:31,3
DA:32,1
DA:33,2
DA:34,1
DA:40,1
DA:47,2
DA:49,6
DA:52,1
LF:23
LH:23
BRDA:20,0,0,4
BRDA:20,0,1,2
BRDA:20,1,0,6
BRDA:20,1,1,5
BRDA:22,2,0,1
BRDA:22,2,1,3
BRDA:31,3,0,1
BRDA:31,3,1,2
BRDA:33,4,0,1
BRDA:33,4,1,1
BRF:10
BRH:10
end_of_record
